2018-03-26 13:34:57,835 - testGetDeviceList - INFO - {"retCode":0,"reason":"success","data":{"resultList":[{"deviceId":"0b318ca6-09c7-488f-9622-cdc9a69900c5","officeId":"c1c83e4c-1f23-49ff-ab76-4340b3b5bccf","name":"ECG-001","deviceNo":"CE-112230012 ","phone":"123","model":"2345","status":1,"manufacturer":"Carewell","description":"Carewell","officeModel":{"officeId":"c1c83e4c-1f23-49ff-ab76-4340b3b5bccf","name":"South Office","contact":"Tim Miller","phone":"123-456789","street":"1028 E Biscayne Blvd","city":"Maimi3","state":"FL"}},{"deviceId":"9d3823c9-e3c9-46f7-3bcb-08d580cbcb78","officeId":"c1c83e4c-1f23-49ff-ab76-4340b3b5bccf","name":"ECG-002","deviceNo":"CE-112230013","phone":"","model":"dgfds","status":1,"manufacturer":"Carewell","description":"Carewell","officeModel":{"officeId":"c1c83e4c-1f23-49ff-ab76-4340b3b5bccf","name":"South Office","contact":"Tim Miller","phone":"123-456789","street":"1028 E Biscayne Blvd","city":"Maimi3","state":"FL"}},{"deviceId":"5b13358b-1a65-443a-3544-08d58f02f7f0","officeId":"c1c83e4c-1f23-49ff-ab76-4340b3b5bccf","name":"1","deviceNo":"1","phone":"12345678901","model":"1","status":1,"manufacturer":"1","description":"123","officeModel":{"officeId":"c1c83e4c-1f23-49ff-ab76-4340b3b5bccf","name":"South Office","contact":"Tim Miller","phone":"123-456789","street":"1028 E Biscayne Blvd","city":"Maimi3","state":"FL"}},{"deviceId":"defa339a-b3e4-4749-ef1a-08d5909579a2","officeId":"8999ecbf-0e8a-434e-be05-08d590942c40","name":"CW-1001","deviceNo":"DV1000-0001","phone":"17898918888","model":"m1001","status":1,"manufacturer":"carewell","description":"carewell 1111","officeModel":{"officeId":"8999ecbf-0e8a-434e-be05-08d590942c40","name":"Middle Office","contact":"耿值","phone":"13210989201","street":"1009","city":"mima","state":"1"}},{"deviceId":"244c5691-7340-4f05-3124-08d58e002533","officeId":"c1c83e4c-1f23-49ff-ab76-4340b3b5bccf","name":"sadad","deviceNo":"阿萨德撒打算","phone":"阿斯达所多as","model":"爱是第三代","status":1,"manufacturer":"阿萨德撒多sad","description":"阿萨德打算打","officeModel":{"officeId":"c1c83e4c-1f23-49ff-ab76-4340b3b5bccf","name":"South Office","contact":"Tim Miller","phone":"123-456789","street":"1028 E Biscayne Blvd","city":"Maimi3","state":"FL"}}],"pageIndex":0,"itemCount":7}}
2018-03-26 13:34:57,835 - testGetDeviceList - INFO - success
2018-03-26 13:34:59,524 - MyDB - INFO - DB connect successfully!
2018-03-26 13:34:59,527 - BrowserEngine - INFO - You had select Chrome browser.
2018-03-26 13:34:59,527 - BrowserEngine - INFO - The test server url is:http://ai-ecg-portal.kanebay.com/SignIn
2018-03-26 13:35:04,542 - BrowserEngine - INFO - Starting Chrome browser
2018-03-26 13:35:05,866 - BrowserEngine - INFO - Open url:http://ai-ecg-portal.kanebay.com/SignIn
2018-03-26 13:35:07,182 - BasePage - INFO - Had type "caohuili" in inputBox
2018-03-26 13:35:07,287 - BasePage - INFO - Had type "" in inputBox
2018-03-26 13:35:07,335 - BasePage - INFO - Had find the element "登录" successful by id via value: Login.
2018-03-26 13:35:07,401 - BasePage - INFO - The element was clicked.
2018-03-26 13:35:08,441 - BasePage - INFO - Had find the element "Incorrect username or password." successful by id via value: PasswordErrorPrompt.
2018-03-26 13:35:08,786 - BasePage - INFO - Had take screenshot and save to folder:/screenshots
2018-03-26 13:35:08,863 - BasePage - INFO - Had type "" in inputBox
2018-03-26 13:35:08,956 - BasePage - INFO - Had type "123456" in inputBox
2018-03-26 13:35:08,992 - BasePage - INFO - Had find the element "登录" successful by id via value: Login.
2018-03-26 13:35:09,035 - BasePage - INFO - The element was clicked.
2018-03-26 13:35:10,083 - BasePage - INFO - Had find the element "Incorrect username or password." successful by id via value: PasswordErrorPrompt.
2018-03-26 13:35:10,367 - BasePage - INFO - Had take screenshot and save to folder:/screenshots
2018-03-26 13:35:10,426 - BasePage - INFO - Had type "" in inputBox
2018-03-26 13:35:10,472 - BasePage - INFO - Had type "" in inputBox
2018-03-26 13:35:10,507 - BasePage - INFO - Had find the element "登录" successful by id via value: Login.
2018-03-26 13:35:10,537 - BasePage - INFO - The element was clicked.
2018-03-26 13:35:11,554 - BasePage - INFO - Had find the element "Incorrect username or password." successful by id via value: PasswordErrorPrompt.
2018-03-26 13:35:11,855 - BasePage - INFO - Had take screenshot and save to folder:/screenshots
2018-03-26 13:35:11,915 - BasePage - INFO - Had type "test111" in inputBox
2018-03-26 13:35:11,978 - BasePage - INFO - Had type "11111111" in inputBox
2018-03-26 13:35:11,996 - BasePage - INFO - Had find the element "登录" successful by id via value: Login.
2018-03-26 13:35:12,017 - BasePage - INFO - The element was clicked.
2018-03-26 13:35:13,273 - BasePage - INFO - Had take screenshot and save to folder:/screenshots
2018-03-26 13:35:16,320 - Email - INFO - attach fileE:\xindian\胡哥\carewell_portal\test\report\report.html
2018-03-26 13:35:16,661 - Email - INFO - 邮件发送成功test_report，收件人：787939408@qq.com。如果没有收到邮件，请检查垃圾箱，同时检查收件人地址是否正确。
